e:\github projects\directx11project\directx11proj\debug\vc140.pdb
e:\github projects\directx11project\directx11proj\debug\vc140.idb
e:\github projects\directx11project\directx11proj\debug\application.obj
e:\github projects\directx11project\directx11proj\debug\cameraclass.obj
e:\github projects\directx11project\directx11proj\debug\colorshaderclass.obj
e:\github projects\directx11project\directx11proj\debug\d3dclass.obj
e:\github projects\directx11project\directx11proj\debug\d3ddepthstencil.obj
e:\github projects\directx11project\directx11proj\debug\d3ddxgimanager.obj
e:\github projects\directx11project\directx11proj\debug\d3drasterizerstate.obj
e:\github projects\directx11project\directx11proj\debug\d3dswapchain.obj
e:\github projects\directx11project\directx11proj\debug\d3dvertexbuffer.obj
e:\github projects\directx11project\directx11proj\debug\graphicsclass.obj
e:\github projects\directx11project\directx11proj\debug\iapplication.obj
e:\github projects\directx11project\directx11proj\debug\inputclass.obj
e:\github projects\directx11project\directx11proj\debug\iobject.obj
e:\github projects\directx11project\directx11proj\debug\iscene.obj
e:\github projects\directx11project\directx11proj\debug\main.obj
e:\github projects\directx11project\directx11proj\debug\modelclass.obj
e:\github projects\directx11project\directx11proj\debug\modelloader.obj
e:\github projects\directx11project\directx11proj\debug\mycustomscene.obj
e:\github projects\directx11project\directx11proj\debug\systemclass.obj
e:\github projects\directx11project\directx11proj\debug\directx11proj.ilk
e:\github projects\directx11project\directx11proj\debug\directx11proj.exe
e:\github projects\directx11project\directx11proj\debug\directx11proj.pdb
e:\github projects\directx11project\directx11proj\debug\directx11proj.tlog\cl.command.1.tlog
e:\github projects\directx11project\directx11proj\debug\directx11proj.tlog\cl.read.1.tlog
e:\github projects\directx11project\directx11proj\debug\directx11proj.tlog\cl.write.1.tlog
e:\github projects\directx11project\directx11proj\debug\directx11proj.tlog\link.command.1.tlog
e:\github projects\directx11project\directx11proj\debug\directx11proj.tlog\link.read.1.tlog
e:\github projects\directx11project\directx11proj\debug\directx11proj.tlog\link.write.1.tlog
